<?xml version="1.0" encoding="UTF-8"?>
<!-- Generated by org.testng.reporters.JUnitReportReporter -->
<testsuite hostname="jmrinhr2292" name="com.jmr.testsuite.fas.action.cs.CSSJOBBR_Test" tests="1" failures="0" timestamp="12 Nov 2019 07:04:27 GMT" time="42.381" errors="0">
  <testcase name="executeTestCase" time="42.381" classname="com.jmr.testsuite.fas.action.cs.CSSJOBBR_Test"/>
</testsuite> <!-- com.jmr.testsuite.fas.action.cs.CSSJOBBR_Test -->
