<?xml version="1.0" encoding="UTF-8"?>
<!-- Generated by org.testng.reporters.JUnitReportReporter -->
<testsuite hostname="jmrinhr1883" name="com.jmr.testsuite.fas.action.mm.MMSTRONL_Test" tests="1" failures="0" timestamp="14 Aug 2019 08:27:08 GMT" time="450.272" errors="0">
  <testcase name="executeTestCase" time="450.272" classname="com.jmr.testsuite.fas.action.mm.MMSTRONL_Test"/>
</testsuite> <!-- com.jmr.testsuite.fas.action.mm.MMSTRONL_Test -->
