<?xml version="1.0" encoding="UTF-8"?>
<!-- Generated by org.testng.reporters.JUnitReportReporter -->
<testsuite hostname="jmrinhr1883" name="com.jmr.testsuite.fas.action.st.STSCUSTD_Test" tests="1" failures="0" timestamp="6 Aug 2019 07:53:53 GMT" time="181.826" errors="0">
  <testcase name="executeTestCase" time="181.826" classname="com.jmr.testsuite.fas.action.st.STSCUSTD_Test"/>
</testsuite> <!-- com.jmr.testsuite.fas.action.st.STSCUSTD_Test -->
