<?xml version="1.0" encoding="UTF-8"?>
<!-- Generated by org.testng.reporters.JUnitReportReporter -->
<testsuite hostname="jmrinhr1883" name="com.jmr.testsuite.fas.action.st.STSLOCHL_Test" tests="1" failures="0" timestamp="7 Aug 2019 04:59:08 GMT" time="127.087" errors="0">
  <testcase name="executeTestCase" time="127.087" classname="com.jmr.testsuite.fas.action.st.STSLOCHL_Test"/>
</testsuite> <!-- com.jmr.testsuite.fas.action.st.STSLOCHL_Test -->
