<?xml version="1.0" encoding="UTF-8"?>
<!-- Generated by org.testng.reporters.JUnitReportReporter -->
<testsuite hostname="jmrinhr2292" name="com.jmr.testsuite.fas.action.de.DEDTRONL_Test" tests="1" failures="0" timestamp="19 Nov 2019 04:59:51 GMT" time="28.611" errors="0">
  <testcase name="executeTestCase" time="28.611" classname="com.jmr.testsuite.fas.action.de.DEDTRONL_Test"/>
</testsuite> <!-- com.jmr.testsuite.fas.action.de.DEDTRONL_Test -->
