<?xml version="1.0" encoding="UTF-8"?>
<!-- Generated by org.testng.reporters.JUnitReportReporter -->
<testsuite hostname="jmrinhr1883" name="com.jmr.testsuite.sujeet.action.STDKYCMNTest" tests="1" failures="0" timestamp="4 Sep 2019 06:17:04 GMT" time="76.953" errors="0">
  <testcase name="executeTestCase" time="76.953" classname="com.jmr.testsuite.sujeet.action.STDKYCMNTest"/>
</testsuite> <!-- com.jmr.testsuite.sujeet.action.STDKYCMNTest -->
