<?xml version="1.0" encoding="UTF-8"?>
<!-- Generated by org.testng.reporters.JUnitReportReporter -->
<testsuite hostname="jmrinhr2292" name="com.jmr.testsuite.fas.action.ic.ICDRATMA_Test" tests="1" failures="0" timestamp="28 Nov 2019 07:39:28 GMT" time="14.445" errors="0">
  <testcase name="executeTestCase" time="14.445" classname="com.jmr.testsuite.fas.action.ic.ICDRATMA_Test"/>
</testsuite> <!-- com.jmr.testsuite.fas.action.ic.ICDRATMA_Test -->
