<?xml version="1.0" encoding="UTF-8"?>
<!-- Generated by org.testng.reporters.JUnitReportReporter -->
<testsuite hostname="jmrinhr1883" name="com.jmr.testsuite.fas.action.st.DepositAccountBooking" tests="1" failures="0" timestamp="5 Sep 2019 13:04:28 GMT" time="153.257" errors="0">
  <testcase name="executeTestCase" time="153.257" classname="com.jmr.testsuite.fas.action.st.DepositAccountBooking"/>
</testsuite> <!-- com.jmr.testsuite.fas.action.st.DepositAccountBooking -->
