<?xml version="1.0" encoding="UTF-8"?>
<!-- Generated by org.testng.reporters.JUnitReportReporter -->
<testsuite hostname="jmrinhr1883" name="com.jmr.testsuite.fas.action.mm.MMSVAMIN_Test" tests="1" failures="0" timestamp="14 Aug 2019 10:01:03 GMT" time="282.658" errors="0">
  <testcase name="executeTestCase" time="282.658" classname="com.jmr.testsuite.fas.action.mm.MMSVAMIN_Test"/>
</testsuite> <!-- com.jmr.testsuite.fas.action.mm.MMSVAMIN_Test -->
