<?xml version="1.0" encoding="UTF-8"?>
<!-- Generated by org.testng.reporters.JUnitReportReporter -->
<testsuite hostname="jmrinhr2292" name="com.jmr.testsuite.fas.action.de.DESMJONL_Test" tests="1" failures="0" timestamp="28 Nov 2019 11:47:48 GMT" time="89.250" errors="0">
  <testcase name="executeTestCase" time="89.250" classname="com.jmr.testsuite.fas.action.de.DESMJONL_Test"/>
</testsuite> <!-- com.jmr.testsuite.fas.action.de.DESMJONL_Test -->
