<?xml version="1.0" encoding="UTF-8"?>
<!-- Generated by org.testng.reporters.JUnitReportReporter -->
<testsuite hostname="jmrinhr2292" name="com.jmr.testsuite.fas.action.ic.ICDLIQAC_Test" tests="1" failures="0" timestamp="14 Nov 2019 04:33:59 GMT" time="83.919" errors="0">
  <testcase name="executeTestCase" time="83.919" classname="com.jmr.testsuite.fas.action.ic.ICDLIQAC_Test"/>
</testsuite> <!-- com.jmr.testsuite.fas.action.ic.ICDLIQAC_Test -->
