<?xml version="1.0" encoding="UTF-8"?>
<!-- Generated by org.testng.reporters.JUnitReportReporter -->
<testsuite hostname="jmrinhr2123" name="com.jmr.testsuite.sujeet.action.DEDTLRONTest" tests="1" failures="0" timestamp="6 Sep 2019 08:52:48 GMT" time="0.015" errors="0">
  <testcase name="executeTestCase" time="0.015" classname="com.jmr.testsuite.sujeet.action.DEDTLRONTest"/>
</testsuite> <!-- com.jmr.testsuite.sujeet.action.DEDTLRONTest -->
