<?xml version="1.0" encoding="UTF-8"?>
<!-- Generated by org.testng.reporters.JUnitReportReporter -->
<testsuite hostname="jmrinhr1883" name="com.jmr.testsuite.fas.action.st.STSCUSSH_Test" tests="1" failures="0" timestamp="7 Aug 2019 04:47:45 GMT" time="148.173" errors="0">
  <testcase name="executeTestCase" time="148.173" classname="com.jmr.testsuite.fas.action.st.STSCUSSH_Test"/>
</testsuite> <!-- com.jmr.testsuite.fas.action.st.STSCUSSH_Test -->
