<?xml version="1.0" encoding="UTF-8"?>
<!-- Generated by org.testng.reporters.JUnitReportReporter -->
<testsuite hostname="jmrinhr1883" name="com.jmr.testsuite.fas.action.cf.CFDFLTRI_Test" tests="1" failures="0" timestamp="8 Aug 2019 08:07:11 GMT" time="23.785" errors="0">
  <testcase name="executeTestCase" time="23.785" classname="com.jmr.testsuite.fas.action.cf.CFDFLTRI_Test"/>
</testsuite> <!-- com.jmr.testsuite.fas.action.cf.CFDFLTRI_Test -->
