<?xml version="1.0" encoding="UTF-8"?>
<!-- Generated by org.testng.reporters.JUnitReportReporter -->
<testsuite hostname="jmrinhr1883" name="com.jmr.testsuite.fas.action.cl.CLDACHTY_Test" tests="1" failures="0" timestamp="8 Aug 2019 09:54:38 GMT" time="41.611" errors="0">
  <testcase name="executeTestCase" time="41.611" classname="com.jmr.testsuite.fas.action.cl.CLDACHTY_Test"/>
</testsuite> <!-- com.jmr.testsuite.fas.action.cl.CLDACHTY_Test -->
