<?xml version="1.0" encoding="UTF-8"?>
<!-- Generated by org.testng.reporters.JUnitReportReporter -->
<testsuite hostname="jmrinhr1883" name="com.jmr.testsuite.fas.action.mm.MMDTRONL_Test" tests="1" failures="0" timestamp="5 Sep 2019 11:40:04 GMT" time="25.002" errors="0">
  <testcase name="executeTestCase" time="25.002" classname="com.jmr.testsuite.fas.action.mm.MMDTRONL_Test"/>
</testsuite> <!-- com.jmr.testsuite.fas.action.mm.MMDTRONL_Test -->
