<?xml version="1.0" encoding="UTF-8"?>
<!-- Generated by org.testng.reporters.JUnitReportReporter -->
<testsuite hostname="jmrinhr1883" name="com.jmr.testsuite.fas.action.cl.CLDACAUT_Test" tests="1" failures="0" timestamp="8 Aug 2019 08:39:14 GMT" time="22.498" errors="0">
  <testcase name="executeTestCase" time="22.498" classname="com.jmr.testsuite.fas.action.cl.CLDACAUT_Test"/>
</testsuite> <!-- com.jmr.testsuite.fas.action.cl.CLDACAUT_Test -->
