<?xml version="1.0" encoding="UTF-8"?>
<!-- Generated by org.testng.reporters.JUnitReportReporter -->
<testsuite hostname="jmrinhr2292" name="com.jmr.testsuite.fas.action.cs.CSDMSGVW_Test" tests="1" failures="0" timestamp="12 Nov 2019 10:48:11 GMT" time="25.873" errors="0">
  <testcase name="executeTestCase" time="25.873" classname="com.jmr.testsuite.fas.action.cs.CSDMSGVW_Test"/>
</testsuite> <!-- com.jmr.testsuite.fas.action.cs.CSDMSGVW_Test -->
