<?xml version="1.0" encoding="UTF-8"?>
<!-- Generated by org.testng.reporters.JUnitReportReporter -->
<testsuite hostname="jmrinhr2292" name="com.jmr.testsuite.fas.action.de.DESPRMNT_Test" tests="1" failures="0" timestamp="20 Nov 2019 07:28:36 GMT" time="123.772" errors="0">
  <testcase name="executeTestCase" time="123.772" classname="com.jmr.testsuite.fas.action.de.DESPRMNT_Test"/>
</testsuite> <!-- com.jmr.testsuite.fas.action.de.DESPRMNT_Test -->
