<?xml version="1.0" encoding="UTF-8"?>
<!-- Generated by org.testng.reporters.JUnitReportReporter -->
<testsuite hostname="jmrinhr1883" name="com.jmr.testsuite.fas.action.st.STSCUSAC_Test" tests="1" failures="0" timestamp="6 Aug 2019 06:30:55 GMT" time="55.258" errors="0">
  <testcase name="executeTestCase" time="55.258" classname="com.jmr.testsuite.fas.action.st.STSCUSAC_Test"/>
</testsuite> <!-- com.jmr.testsuite.fas.action.st.STSCUSAC_Test -->
