<?xml version="1.0" encoding="UTF-8"?>
<!-- Generated by org.testng.reporters.JUnitReportReporter -->
<testsuite hostname="jmrinhr2292" name="com.jmr.testsuite.fas.action.ic.ICDREDMN_Test" tests="1" failures="0" timestamp="27 Nov 2019 04:46:17 GMT" time="35.222" errors="0">
  <testcase name="executeTestCase" time="35.222" classname="com.jmr.testsuite.fas.action.ic.ICDREDMN_Test"/>
</testsuite> <!-- com.jmr.testsuite.fas.action.ic.ICDREDMN_Test -->
