<?xml version="1.0" encoding="UTF-8"?>
<!-- Generated by org.testng.reporters.JUnitReportReporter -->
<testsuite hostname="jmrinhr1883" name="com.jmr.testsuite.fas.action.pc.PCDTRONL_Test" tests="1" failures="0" timestamp="7 Aug 2019 12:49:07 GMT" time="31.626" errors="0">
  <testcase name="executeTestCase" time="31.626" classname="com.jmr.testsuite.fas.action.pc.PCDTRONL_Test"/>
</testsuite> <!-- com.jmr.testsuite.fas.action.pc.PCDTRONL_Test -->
