<?xml version="1.0" encoding="UTF-8"?>
<!-- Generated by org.testng.reporters.JUnitReportReporter -->
<testsuite hostname="jmrinhr1883" name="com.jmr.testsuite.fas.action.st.STSACCLS_Test" tests="1" failures="0" timestamp="5 Aug 2019 10:11:19 GMT" time="11.371" errors="0">
  <testcase name="executeTestCase" time="11.371" classname="com.jmr.testsuite.fas.action.st.STSACCLS_Test"/>
</testsuite> <!-- com.jmr.testsuite.fas.action.st.STSACCLS_Test -->
