<?xml version="1.0" encoding="UTF-8"?>
<!-- Generated by org.testng.reporters.JUnitReportReporter -->
<testsuite hostname="jmrinhr1883" name="com.jmr.testsuite.fas.action.cl.CLDCMTMT_Test" tests="1" failures="0" timestamp="30 Aug 2019 10:59:46 GMT" time="113.915" errors="0">
  <testcase name="executeTestCase" time="113.915" classname="com.jmr.testsuite.fas.action.cl.CLDCMTMT_Test"/>
</testsuite> <!-- com.jmr.testsuite.fas.action.cl.CLDCMTMT_Test -->
