<?xml version="1.0" encoding="UTF-8"?>
<!-- Generated by org.testng.reporters.JUnitReportReporter -->
<testsuite hostname="jmrinhr2292" name="com.jmr.testsuite.fas.action.cy.CYDRATEE_Test" tests="1" failures="0" timestamp="28 Nov 2019 11:03:50 GMT" time="12.755" errors="0">
  <testcase name="executeTestCase" time="12.755" classname="com.jmr.testsuite.fas.action.cy.CYDRATEE_Test"/>
</testsuite> <!-- com.jmr.testsuite.fas.action.cy.CYDRATEE_Test -->
