<?xml version="1.0" encoding="UTF-8"?>
<!-- Generated by org.testng.reporters.JUnitReportReporter -->
<testsuite hostname="jmrinhr2292" name="com.jmr.testsuite.fas.action.de.DEDBTHAU_Test" tests="1" failures="0" timestamp="19 Nov 2019 09:33:31 GMT" time="60.972" errors="0">
  <testcase name="executeTestCase" time="60.972" classname="com.jmr.testsuite.fas.action.de.DEDBTHAU_Test"/>
</testsuite> <!-- com.jmr.testsuite.fas.action.de.DEDBTHAU_Test -->
