<?xml version="1.0" encoding="UTF-8"?>
<!-- Generated by org.testng.reporters.JUnitReportReporter -->
<testsuite hostname="jmrinhr1883" name="com.jmr.testsuite.fas.action.cl.CLDADOCH_Test" tests="1" failures="0" timestamp="26 Aug 2019 11:47:50 GMT" time="59.924" errors="0">
  <testcase name="executeTestCase" time="59.924" classname="com.jmr.testsuite.fas.action.cl.CLDADOCH_Test"/>
</testsuite> <!-- com.jmr.testsuite.fas.action.cl.CLDADOCH_Test -->
