<?xml version="1.0" encoding="UTF-8"?>
<!-- Generated by org.testng.reporters.JUnitReportReporter -->
<testsuite hostname="jmrinhr2292" name="com.jmr.testsuite.fas.action.ic.ICSRATMA_Test" tests="1" failures="0" timestamp="27 Nov 2019 09:44:45 GMT" time="43.467" errors="0">
  <testcase name="executeTestCase" time="43.467" classname="com.jmr.testsuite.fas.action.ic.ICSRATMA_Test"/>
</testsuite> <!-- com.jmr.testsuite.fas.action.ic.ICSRATMA_Test -->
