<?xml version="1.0" encoding="UTF-8"?>
<!-- Generated by org.testng.reporters.JUnitReportReporter -->
<testsuite hostname="jmrinhr2292" name="com.jmr.testsuite.fas.action.de.DEDUPLOG_Test" tests="1" failures="0" timestamp="19 Nov 2019 07:24:32 GMT" time="11.088" errors="0">
  <testcase name="executeTestCase" time="11.088" classname="com.jmr.testsuite.fas.action.de.DEDUPLOG_Test"/>
</testsuite> <!-- com.jmr.testsuite.fas.action.de.DEDUPLOG_Test -->
