<?xml version="1.0" encoding="UTF-8"?>
<!-- Generated by org.testng.reporters.JUnitReportReporter -->
<testsuite hostname="jmrinhr2292" name="com.jmr.testsuite.fas.action.de.DEDBATRE_Test" tests="1" failures="0" timestamp="19 Nov 2019 11:34:30 GMT" time="14.935" errors="0">
  <testcase name="executeTestCase" time="14.935" classname="com.jmr.testsuite.fas.action.de.DEDBATRE_Test"/>
</testsuite> <!-- com.jmr.testsuite.fas.action.de.DEDBATRE_Test -->
