<?xml version="1.0" encoding="UTF-8"?>
<!-- Generated by org.testng.reporters.JUnitReportReporter -->
<testsuite hostname="jmrinhr1883" name="com.jmr.testsuite.fas.action.cy.CYSRATEE_Test" tests="1" failures="0" timestamp="8 Aug 2019 13:07:50 GMT" time="120.301" errors="0">
  <testcase name="executeTestCase" time="120.301" classname="com.jmr.testsuite.fas.action.cy.CYSRATEE_Test"/>
</testsuite> <!-- com.jmr.testsuite.fas.action.cy.CYSRATEE_Test -->
