<?xml version="1.0" encoding="UTF-8"?>
<!-- Generated by org.testng.reporters.JUnitReportReporter -->
<testsuite hostname="jmrinhr1883" name="com.jmr.testsuite.fas.action.st.STDCIF_Test" tests="1" failures="0" timestamp="6 Sep 2019 05:25:54 GMT" time="28.025" errors="0">
  <testcase name="executeTestCase" time="28.025" classname="com.jmr.testsuite.fas.action.st.STDCIF_Test"/>
</testsuite> <!-- com.jmr.testsuite.fas.action.st.STDCIF_Test -->
