<?xml version="1.0" encoding="UTF-8"?>
<!-- Generated by org.testng.reporters.JUnitReportReporter -->
<testsuite hostname="jmrinhr2292" name="com.jmr.testsuite.fas.action.de.DEDBATUK_Test" tests="1" failures="0" timestamp="19 Nov 2019 12:37:36 GMT" time="53.672" errors="0">
  <testcase name="executeTestCase" time="53.672" classname="com.jmr.testsuite.fas.action.de.DEDBATUK_Test"/>
</testsuite> <!-- com.jmr.testsuite.fas.action.de.DEDBATUK_Test -->
