<?xml version="1.0" encoding="UTF-8"?>
<!-- Generated by org.testng.reporters.JUnitReportReporter -->
<testsuite hostname="jmrinhr1883" name="com.jmr.testsuite.fas.action.st.STSSTDOR_Test" tests="1" failures="0" timestamp="6 Aug 2019 08:24:58 GMT" time="33.160" errors="0">
  <testcase name="executeTestCase" time="33.160" classname="com.jmr.testsuite.fas.action.st.STSSTDOR_Test"/>
</testsuite> <!-- com.jmr.testsuite.fas.action.st.STSSTDOR_Test -->
