<?xml version="1.0" encoding="UTF-8"?>
<!-- Generated by org.testng.reporters.JUnitReportReporter -->
<testsuite hostname="jmrinhr2292" name="com.jmr.testsuite.fas.action.de.DEDBTTOT_Test" tests="1" failures="0" timestamp="19 Nov 2019 10:40:18 GMT" time="25.951" errors="0">
  <testcase name="executeTestCase" time="25.951" classname="com.jmr.testsuite.fas.action.de.DEDBTTOT_Test"/>
</testsuite> <!-- com.jmr.testsuite.fas.action.de.DEDBTTOT_Test -->
