<?xml version="1.0" encoding="UTF-8"?>
<!-- Generated by org.testng.reporters.JUnitReportReporter -->
<testsuite hostname="jmrinhr1883" name="com.jmr.testsuite.fas.action.ac.ACDACTRN_Test" tests="1" failures="0" timestamp="5 Aug 2019 06:42:39 GMT" time="18.827" errors="0">
  <testcase name="executeTestCase" time="18.827" classname="com.jmr.testsuite.fas.action.ac.ACDACTRN_Test"/>
</testsuite> <!-- com.jmr.testsuite.fas.action.ac.ACDACTRN_Test -->
