<?xml version="1.0" encoding="UTF-8"?>
<!-- Generated by org.testng.reporters.JUnitReportReporter -->
<testsuite hostname="jmrinhr1883" name="com.jmr.testsuite.fas.action.fx.FXSTRPAY_Test" tests="1" failures="0" timestamp="20 Aug 2019 06:34:59 GMT" time="50.297" errors="0">
  <testcase name="executeTestCase" time="50.297" classname="com.jmr.testsuite.fas.action.fx.FXSTRPAY_Test"/>
</testsuite> <!-- com.jmr.testsuite.fas.action.fx.FXSTRPAY_Test -->
