<?xml version="1.0" encoding="UTF-8"?>
<!-- Generated by org.testng.reporters.JUnitReportReporter -->
<testsuite hostname="jmrinhr2292" name="com.jmr.testsuite.fas.action.de.DESQUERY_Test" tests="1" failures="0" timestamp="20 Nov 2019 05:11:18 GMT" time="46.580" errors="0">
  <testcase name="executeTestCase" time="46.580" classname="com.jmr.testsuite.fas.action.de.DESQUERY_Test"/>
</testsuite> <!-- com.jmr.testsuite.fas.action.de.DESQUERY_Test -->
