<?xml version="1.0" encoding="UTF-8"?>
<!-- Generated by org.testng.reporters.JUnitReportReporter -->
<testsuite hostname="jmrinhr1883" name="com.jmr.testsuite.fas.action.st.STDCUSBL_Test" tests="1" failures="0" timestamp="6 Aug 2019 04:45:07 GMT" time="16.353" errors="0">
  <testcase name="executeTestCase" time="16.353" classname="com.jmr.testsuite.fas.action.st.STDCUSBL_Test"/>
</testsuite> <!-- com.jmr.testsuite.fas.action.st.STDCUSBL_Test -->
