<?xml version="1.0" encoding="UTF-8"?>
<!-- Generated by org.testng.reporters.JUnitReportReporter -->
<testsuite hostname="jmrinhr1883" name="com.jmr.testsuite.fas.action.mm.MMDVAMIN_Test" tests="1" failures="0" timestamp="30 Aug 2019 10:55:35 GMT" time="23.397" errors="0">
  <testcase name="executeTestCase" time="23.397" classname="com.jmr.testsuite.fas.action.mm.MMDVAMIN_Test"/>
</testsuite> <!-- com.jmr.testsuite.fas.action.mm.MMDVAMIN_Test -->
