<?xml version="1.0" encoding="UTF-8"?>
<!-- Generated by org.testng.reporters.JUnitReportReporter -->
<testsuite hostname="jmrinhr2292" name="com.jmr.testsuite.fas.action.de.DESTLRON_Test" tests="1" failures="0" timestamp="20 Nov 2019 11:06:58 GMT" time="42.966" errors="0">
  <testcase name="executeTestCase" time="42.966" classname="com.jmr.testsuite.fas.action.de.DESTLRON_Test"/>
</testsuite> <!-- com.jmr.testsuite.fas.action.de.DESTLRON_Test -->
