<?xml version="1.0" encoding="UTF-8"?>
<!-- Generated by org.testng.reporters.JUnitReportReporter -->
<testsuite hostname="jmrinhr2123" name="com.jmr.testsuite.sujeet.action.DEDUPONLTest" tests="1" failures="0" timestamp="6 Sep 2019 08:47:41 GMT" time="60.343" errors="0">
  <testcase name="executeTestCase" time="60.343" classname="com.jmr.testsuite.sujeet.action.DEDUPONLTest"/>
</testsuite> <!-- com.jmr.testsuite.sujeet.action.DEDUPONLTest -->
