<?xml version="1.0" encoding="UTF-8"?>
<!-- Generated by org.testng.reporters.JUnitReportReporter -->
<testsuite hostname="jmrinhr1883" name="com.jmr.testsuite.fas.action.st.STSTRNCD_Test" tests="1" failures="0" timestamp="6 Aug 2019 12:25:43 GMT" time="124.491" errors="0">
  <testcase name="executeTestCase" time="124.491" classname="com.jmr.testsuite.fas.action.st.STSTRNCD_Test"/>
</testsuite> <!-- com.jmr.testsuite.fas.action.st.STSTRNCD_Test -->
