<?xml version="1.0" encoding="UTF-8"?>
<!-- Generated by org.testng.reporters.JUnitReportReporter -->
<testsuite hostname="jmrinhr1883" name="com.jmr.testsuite.fas.action.st.STSKYCMN_Test" tests="1" failures="0" timestamp="6 Aug 2019 09:56:17 GMT" time="57.757" errors="0">
  <testcase name="executeTestCase" time="57.757" classname="com.jmr.testsuite.fas.action.st.STSKYCMN_Test"/>
</testsuite> <!-- com.jmr.testsuite.fas.action.st.STSKYCMN_Test -->
