<?xml version="1.0" encoding="UTF-8"?>
<!-- Generated by org.testng.reporters.JUnitReportReporter -->
<testsuite hostname="jmrinhr2292" name="com.jmr.testsuite.fas.action.ic.ICSREDMN_Test" tests="1" failures="0" timestamp="27 Nov 2019 11:44:32 GMT" time="270.095" errors="0">
  <testcase name="executeTestCase" time="270.095" classname="com.jmr.testsuite.fas.action.ic.ICSREDMN_Test"/>
</testsuite> <!-- com.jmr.testsuite.fas.action.ic.ICSREDMN_Test -->
