<?xml version="1.0" encoding="UTF-8"?>
<!-- Generated by org.testng.reporters.JUnitReportReporter -->
<testsuite hostname="jmrinhr1883" name="com.jmr.testsuite.fas.action.fx.FXDTRONL_Test" tests="1" failures="0" timestamp="23 Aug 2019 12:46:56 GMT" time="154.582" errors="0">
  <testcase name="executeTestCase" time="154.582" classname="com.jmr.testsuite.fas.action.fx.FXDTRONL_Test"/>
</testsuite> <!-- com.jmr.testsuite.fas.action.fx.FXDTRONL_Test -->
