<?xml version="1.0" encoding="UTF-8"?>
<!-- Generated by org.testng.reporters.JUnitReportReporter -->
<testsuite hostname="jmrinhr1883" name="com.jmr.testsuite.fas.action.cl.CLDPYMNT_Test" tests="1" failures="0" timestamp="5 Sep 2019 10:46:34 GMT" time="36.224" errors="0">
  <testcase name="executeTestCase" time="36.224" classname="com.jmr.testsuite.fas.action.cl.CLDPYMNT_Test"/>
</testsuite> <!-- com.jmr.testsuite.fas.action.cl.CLDPYMNT_Test -->
