<?xml version="1.0" encoding="UTF-8"?>
<!-- Generated by org.testng.reporters.JUnitReportReporter -->
<testsuite hostname="jmrinhr1883" name="com.jmr.testsuite.fas.action.st.STSAMBLK_Test" tests="1" failures="0" timestamp="26 Aug 2019 04:55:39 GMT" time="230.733" errors="0">
  <testcase name="executeTestCase" time="230.733" classname="com.jmr.testsuite.fas.action.st.STSAMBLK_Test"/>
</testsuite> <!-- com.jmr.testsuite.fas.action.st.STSAMBLK_Test -->
