<?xml version="1.0" encoding="UTF-8"?>
<!-- Generated by org.testng.reporters.JUnitReportReporter -->
<testsuite hostname="jmrinhr1883" name="com.jmr.testsuite.fas.action.ft.FTDTRONL_Test" tests="1" failures="0" timestamp="14 Aug 2019 04:07:15 GMT" time="45.713" errors="0">
  <testcase name="executeTestCase" time="45.713" classname="com.jmr.testsuite.fas.action.ft.FTDTRONL_Test"/>
</testsuite> <!-- com.jmr.testsuite.fas.action.ft.FTDTRONL_Test -->
