<?xml version="1.0" encoding="UTF-8"?>
<!-- Generated by org.testng.reporters.JUnitReportReporter -->
<testsuite hostname="jmrinhr1883" name="com.jmr.testsuite.fas.action.bc.BCSTRONL_Test" tests="1" failures="0" timestamp="8 Aug 2019 05:12:57 GMT" time="99.073" errors="0">
  <testcase name="executeTestCase" time="99.073" classname="com.jmr.testsuite.fas.action.bc.BCSTRONL_Test"/>
</testsuite> <!-- com.jmr.testsuite.fas.action.bc.BCSTRONL_Test -->
