<?xml version="1.0" encoding="UTF-8"?>
<!-- Generated by org.testng.reporters.JUnitReportReporter -->
<testsuite hostname="jmrinhr2292" name="com.jmr.testsuite.fas.action.de.DEDUPON_Test" tests="1" failures="0" timestamp="19 Nov 2019 06:31:08 GMT" time="17.573" errors="0">
  <testcase name="executeTestCase" time="17.573" classname="com.jmr.testsuite.fas.action.de.DEDUPON_Test"/>
</testsuite> <!-- com.jmr.testsuite.fas.action.de.DEDUPON_Test -->
