<?xml version="1.0" encoding="UTF-8"?>
<!-- Generated by org.testng.reporters.JUnitReportReporter -->
<testsuite hostname="jmrinhr2292" name="com.jmr.testsuite.fas.action.cs.CSSJMNTR_Test" tests="1" failures="0" timestamp="12 Nov 2019 06:16:19 GMT" time="51.706" errors="0">
  <testcase name="executeTestCase" time="51.706" classname="com.jmr.testsuite.fas.action.cs.CSSJMNTR_Test"/>
</testsuite> <!-- com.jmr.testsuite.fas.action.cs.CSSJMNTR_Test -->
