<?xml version="1.0" encoding="UTF-8"?>
<!-- Generated by org.testng.reporters.JUnitReportReporter -->
<testsuite hostname="jmrinhr1883" name="com.jmr.testsuite.fas.action.cl.CLDACCVM_Test" tests="1" failures="0" timestamp="5 Sep 2019 11:06:54 GMT" time="117.412" errors="0">
  <testcase name="executeTestCase" time="117.412" classname="com.jmr.testsuite.fas.action.cl.CLDACCVM_Test"/>
</testsuite> <!-- com.jmr.testsuite.fas.action.cl.CLDACCVM_Test -->
