<?xml version="1.0" encoding="UTF-8"?>
<!-- Generated by org.testng.reporters.JUnitReportReporter -->
<testsuite hostname="jmrinhr1883" name="com.jmr.testsuite.fas.action.ft.FTSRCST_Test" tests="1" failures="0" timestamp="14 Aug 2019 04:35:13 GMT" time="61.095" errors="0">
  <testcase name="executeTestCase" time="61.095" classname="com.jmr.testsuite.fas.action.ft.FTSRCST_Test"/>
</testsuite> <!-- com.jmr.testsuite.fas.action.ft.FTSRCST_Test -->
