<?xml version="1.0" encoding="UTF-8"?>
<!-- Generated by org.testng.reporters.JUnitReportReporter -->
<testsuite hostname="jmrinhr2292" name="com.jmr.testsuite.fas.action.lm.ISSBICDR_Test" tests="1" failures="0" timestamp="14 Nov 2019 05:39:11 GMT" time="11.492" errors="0">
  <testcase name="executeTestCase" time="11.492" classname="com.jmr.testsuite.fas.action.lm.ISSBICDR_Test"/>
</testsuite> <!-- com.jmr.testsuite.fas.action.lm.ISSBICDR_Test -->
