<?xml version="1.0" encoding="UTF-8"?>
<!-- Generated by org.testng.reporters.JUnitReportReporter -->
<testsuite hostname="jmrinhr1883" name="com.jmr.testsuite.fas.action.st.STDCUSAC_Test" tests="1" failures="0" timestamp="5 Sep 2019 12:20:39 GMT" time="119.114" errors="0">
  <testcase name="executeTestCase" time="119.114" classname="com.jmr.testsuite.fas.action.st.STDCUSAC_Test"/>
</testsuite> <!-- com.jmr.testsuite.fas.action.st.STDCUSAC_Test -->
