<?xml version="1.0" encoding="UTF-8"?>
<!-- Generated by org.testng.reporters.JUnitReportReporter -->
<testsuite hostname="jmrinhr2292" name="com.jmr.testsuite.fas.action.de.DEDACSTA_Test" tests="1" failures="0" timestamp="19 Nov 2019 10:21:29 GMT" time="50.649" errors="0">
  <testcase name="executeTestCase" time="50.649" classname="com.jmr.testsuite.fas.action.de.DEDACSTA_Test"/>
</testsuite> <!-- com.jmr.testsuite.fas.action.de.DEDACSTA_Test -->
