<?xml version="1.0" encoding="UTF-8"?>
<!-- Generated by org.testng.reporters.JUnitReportReporter -->
<testsuite hostname="jmrinhr2292" name="com.jmr.testsuite.fas.action.de.DESTRONL_Test" tests="1" failures="0" timestamp="19 Nov 2019 13:07:23 GMT" time="132.434" errors="0">
  <testcase name="executeTestCase" time="132.434" classname="com.jmr.testsuite.fas.action.de.DESTRONL_Test"/>
</testsuite> <!-- com.jmr.testsuite.fas.action.de.DESTRONL_Test -->
